2025-05-02 18:21:51,961 [INFO] Enabling stealth mode
2025-05-02 18:21:51,968 [INFO] Keyboard listener started
2025-05-02 18:21:51,969 [INFO] Mouse listener started
2025-05-02 18:21:51,985 [INFO] Keylogger started on DESKTOP-JF5O09H (10.18.252.177)
2025-05-02 18:21:52,578 [INFO] Screenshot captured: C:\Users\pooja\.logs\screenshot_20250502_182151.png
2025-05-02 18:22:52,611 [INFO] Email reporting disabled (credentials not set)
2025-05-02 18:22:52,612 [INFO] Telegram reporting disabled (credentials not set)
2025-05-02 18:23:52,646 [INFO] Email reporting disabled (credentials not set)
2025-05-02 18:23:52,646 [INFO] Telegram reporting disabled (credentials not set)
2025-05-02 18:24:27,555 [INFO] Enabling stealth mode
2025-05-02 18:24:27,562 [INFO] Keyboard listener started
2025-05-02 18:24:27,563 [INFO] Mouse listener started
2025-05-02 18:24:27,579 [INFO] Keylogger started on DESKTOP-JF5O09H (10.18.252.177)
2025-05-02 18:24:28,153 [INFO] Screenshot captured: C:\Users\pooja\.logs\screenshot_20250502_182427.png
2025-05-02 18:25:28,174 [INFO] Email reporting disabled (credentials not set)
2025-05-02 18:25:28,174 [INFO] Telegram reporting disabled (credentials not set)
2025-05-02 18:26:28,208 [INFO] Email reporting disabled (credentials not set)
2025-05-02 18:26:28,208 [INFO] Telegram reporting disabled (credentials not set)
2025-05-02 18:27:28,240 [INFO] Email reporting disabled (credentials not set)
2025-05-02 18:27:28,241 [INFO] Telegram reporting disabled (credentials not set)
2025-05-02 18:28:28,255 [INFO] Email reporting disabled (credentials not set)
2025-05-02 18:28:28,255 [INFO] Telegram reporting disabled (credentials not set)
2025-05-02 18:29:28,278 [INFO] Email reporting disabled (credentials not set)
2025-05-02 18:29:28,278 [INFO] Telegram reporting disabled (credentials not set)
2025-05-02 18:29:28,700 [INFO] Screenshot captured: C:\Users\pooja\.logs\screenshot_20250502_182928.png
2025-05-02 18:30:28,306 [INFO] Email reporting disabled (credentials not set)
2025-05-02 18:30:28,307 [INFO] Telegram reporting disabled (credentials not set)
2025-05-02 18:31:28,330 [INFO] Email reporting disabled (credentials not set)
2025-05-02 18:31:28,330 [INFO] Telegram reporting disabled (credentials not set)
2025-05-02 18:32:28,348 [INFO] Email reporting disabled (credentials not set)
2025-05-02 18:32:28,348 [INFO] Telegram reporting disabled (credentials not set)
2025-05-02 18:33:28,383 [INFO] Email reporting disabled (credentials not set)
2025-05-02 18:33:28,383 [INFO] Telegram reporting disabled (credentials not set)
2025-05-02 18:34:28,407 [INFO] Email reporting disabled (credentials not set)
2025-05-02 18:34:28,407 [INFO] Telegram reporting disabled (credentials not set)
2025-05-02 18:34:29,514 [INFO] Screenshot captured: C:\Users\pooja\.logs\screenshot_20250502_183428.png
2025-05-02 18:35:28,437 [INFO] Email reporting disabled (credentials not set)
2025-05-02 18:35:28,438 [INFO] Telegram reporting disabled (credentials not set)
2025-05-02 18:36:28,474 [INFO] Email reporting disabled (credentials not set)
2025-05-02 18:36:28,474 [INFO] Telegram reporting disabled (credentials not set)
2025-05-02 18:37:28,495 [INFO] Email reporting disabled (credentials not set)
2025-05-02 18:37:28,495 [INFO] Telegram reporting disabled (credentials not set)
2025-05-02 18:38:15,453 [INFO] Keylogger stopped by user
2025-05-02 18:38:15,502 [INFO] Keylogger stopped
2025-05-02 18:39:29,727 [INFO] Enabling stealth mode
2025-05-02 18:39:29,735 [INFO] Keyboard listener started
2025-05-02 18:39:29,736 [INFO] Mouse listener started
2025-05-02 18:39:29,753 [INFO] Keylogger started on DESKTOP-JF5O09H (10.18.252.177)
2025-05-02 18:39:30,444 [INFO] Screenshot captured: C:\Users\pooja\.logs\screenshot_20250502_183929.png
2025-05-02 18:40:30,469 [INFO] Email reporting disabled (credentials not set)
2025-05-02 18:40:30,470 [INFO] Telegram reporting disabled (credentials not set)
2025-05-02 18:41:30,470 [INFO] Email reporting disabled (credentials not set)
2025-05-02 18:41:30,471 [INFO] Telegram reporting disabled (credentials not set)
2025-05-02 18:42:30,502 [INFO] Email reporting disabled (credentials not set)
2025-05-02 18:42:30,502 [INFO] Telegram reporting disabled (credentials not set)
2025-05-02 18:43:30,535 [INFO] Email reporting disabled (credentials not set)
2025-05-02 18:43:30,536 [INFO] Telegram reporting disabled (credentials not set)
2025-05-02 18:44:30,539 [INFO] Email reporting disabled (credentials not set)
2025-05-02 18:44:30,539 [INFO] Telegram reporting disabled (credentials not set)
2025-05-02 18:44:30,931 [INFO] Screenshot captured: C:\Users\pooja\.logs\screenshot_20250502_184430.png
2025-05-02 18:45:30,543 [INFO] Email reporting disabled (credentials not set)
2025-05-02 18:45:30,543 [INFO] Telegram reporting disabled (credentials not set)
2025-05-02 18:45:38,649 [INFO] Keylogger stopped by user
2025-05-02 18:45:38,671 [INFO] Keylogger stopped
2025-05-02 18:46:26,556 [INFO] Enabling stealth mode
2025-05-02 18:46:26,563 [INFO] Keyboard listener started
2025-05-02 18:46:26,565 [INFO] Mouse listener started
2025-05-02 18:46:26,582 [INFO] Keylogger started on DESKTOP-JF5O09H (10.18.252.177)
2025-05-02 18:46:27,340 [INFO] Screenshot captured: C:\Users\pooja\.logs\screenshot_20250502_184626.png
2025-05-02 18:47:34,946 [ERROR] Error sending email report: (535, b'5.7.8 Username and Password not accepted. For more information, go to\n5.7.8  https://support.google.com/mail/?p=BadCredentials d2e1a72fcca58-7405906372fsm1515735b3a.148 - gsmtp')
2025-05-02 18:47:34,947 [INFO] Telegram reporting disabled (credentials not set)
2025-05-02 18:48:33,934 [INFO] Keylogger stopped by user
2025-05-02 18:48:33,959 [INFO] Keylogger stopped
2025-05-02 18:48:47,643 [INFO] Keyboard listener started
2025-05-02 18:49:14,424 [INFO] Keylogger stopped by user
2025-05-02 18:49:14,424 [INFO] Stopping keylogger...
2025-05-02 18:49:14,424 [INFO] Keyboard listener stopped
2025-05-02 18:49:14,459 [INFO] Keystrokes saved to: C:\Users\pooja\keylogger_reports\keylog_20250502.json
2025-05-02 18:49:14,509 [INFO] Final report generated: C:\Users\pooja\keylogger_reports\final_report_20250502_184914.json
2025-05-02 18:49:14,513 [INFO] HTML report generated: C:\Users\pooja\keylogger_reports\keylogger_report_20250502_184914.html
2025-05-02 18:49:14,514 [INFO] Keylogger stopped successfully
2025-05-02 18:51:49,610 [INFO] Enabling stealth mode
2025-05-02 18:51:49,617 [INFO] Keyboard listener started
2025-05-02 18:51:49,618 [INFO] Mouse listener started
2025-05-02 18:51:49,635 [INFO] Keylogger started on DESKTOP-JF5O09H (10.18.252.177)
2025-05-02 18:51:50,294 [INFO] Screenshot captured: C:\Users\pooja\.logs\screenshot_20250502_185149.png
2025-05-02 18:52:58,365 [ERROR] Error sending email report: (535, b'5.7.8 Username and Password not accepted. For more information, go to\n5.7.8  https://support.google.com/mail/?p=BadCredentials 41be03b00d2f7-b1fb3925ae3sm676528a12.12 - gsmtp')
2025-05-02 18:52:58,365 [INFO] Telegram reporting disabled (credentials not set)
2025-05-02 18:54:07,377 [ERROR] Error sending email report: (535, b'5.7.8 Username and Password not accepted. For more information, go to\n5.7.8  https://support.google.com/mail/?p=BadCredentials d9443c01a7336-22e1521fb4asm6559615ad.113 - gsmtp')
2025-05-02 18:54:07,378 [INFO] Telegram reporting disabled (credentials not set)
2025-05-02 18:55:14,859 [ERROR] Error sending email report: (535, b'5.7.8 Username and Password not accepted. For more information, go to\n5.7.8  https://support.google.com/mail/?p=BadCredentials d9443c01a7336-22e150eae40sm6781465ad.31 - gsmtp')
2025-05-02 18:55:14,860 [INFO] Telegram reporting disabled (credentials not set)
2025-05-02 18:56:23,010 [ERROR] Error sending email report: (535, b'5.7.8 Username and Password not accepted. For more information, go to\n5.7.8  https://support.google.com/mail/?p=BadCredentials d9443c01a7336-22e1521fd3csm6612395ad.116 - gsmtp')
2025-05-02 18:56:23,011 [INFO] Telegram reporting disabled (credentials not set)
2025-05-02 18:56:50,967 [INFO] Screenshot captured: C:\Users\pooja\.logs\screenshot_20250502_185650.png
2025-05-02 18:57:31,309 [ERROR] Error sending email report: (535, b'5.7.8 Username and Password not accepted. For more information, go to\n5.7.8  https://support.google.com/mail/?p=BadCredentials 41be03b00d2f7-b1fb3b5113csm683655a12.18 - gsmtp')
2025-05-02 18:57:31,310 [INFO] Telegram reporting disabled (credentials not set)
2025-05-02 18:58:38,625 [ERROR] Error sending email report: (535, b'5.7.8 Username and Password not accepted. For more information, go to\n5.7.8  https://support.google.com/mail/?p=BadCredentials 41be03b00d2f7-b1fb3920f6dsm688318a12.10 - gsmtp')
2025-05-02 18:58:38,625 [INFO] Telegram reporting disabled (credentials not set)
2025-05-02 18:59:45,855 [ERROR] Error sending email report: (535, b'5.7.8 Username and Password not accepted. For more information, go to\n5.7.8  https://support.google.com/mail/?p=BadCredentials d2e1a72fcca58-74059021067sm1532875b3a.107 - gsmtp')
2025-05-02 18:59:45,856 [INFO] Telegram reporting disabled (credentials not set)
2025-05-02 19:00:53,506 [ERROR] Error sending email report: (535, b'5.7.8 Username and Password not accepted. For more information, go to\n5.7.8  https://support.google.com/mail/?p=BadCredentials 41be03b00d2f7-b1fb3c3e851sm685922a12.56 - gsmtp')
2025-05-02 19:00:53,506 [INFO] Telegram reporting disabled (credentials not set)
2025-05-02 19:01:51,999 [INFO] Screenshot captured: C:\Users\pooja\.logs\screenshot_20250502_190150.png
2025-05-02 19:02:01,620 [ERROR] Error sending email report: (535, b'5.7.8 Username and Password not accepted. For more information, go to\n5.7.8  https://support.google.com/mail/?p=BadCredentials 98e67ed59e1d1-30a244bd4e2sm5884549a91.0 - gsmtp')
2025-05-02 19:02:01,621 [INFO] Telegram reporting disabled (credentials not set)
2025-05-02 19:03:09,042 [ERROR] Error sending email report: (535, b'5.7.8 Username and Password not accepted. For more information, go to\n5.7.8  https://support.google.com/mail/?p=BadCredentials 98e67ed59e1d1-30a34826677sm5660037a91.40 - gsmtp')
2025-05-02 19:03:09,043 [INFO] Telegram reporting disabled (credentials not set)
2025-05-02 19:04:16,596 [ERROR] Error sending email report: (535, b'5.7.8 Username and Password not accepted. For more information, go to\n5.7.8  https://support.google.com/mail/?p=BadCredentials d2e1a72fcca58-74058d7c13asm1509326b3a.31 - gsmtp')
2025-05-02 19:04:16,597 [INFO] Telegram reporting disabled (credentials not set)
2025-05-02 19:05:24,794 [ERROR] Error sending email report: (535, b'5.7.8 Username and Password not accepted. For more information, go to\n5.7.8  https://support.google.com/mail/?p=BadCredentials d2e1a72fcca58-74058df2a6csm1504982b3a.81 - gsmtp')
2025-05-02 19:05:24,795 [INFO] Telegram reporting disabled (credentials not set)
2025-05-02 19:06:31,996 [ERROR] Error sending email report: (535, b'5.7.8 Username and Password not accepted. For more information, go to\n5.7.8  https://support.google.com/mail/?p=BadCredentials 98e67ed59e1d1-30a34748914sm5669778a91.11 - gsmtp')
2025-05-02 19:06:31,998 [INFO] Telegram reporting disabled (credentials not set)
2025-05-02 19:06:53,304 [INFO] Screenshot captured: C:\Users\pooja\.logs\screenshot_20250502_190652.png
2025-05-02 19:07:39,179 [ERROR] Error sending email report: (535, b'5.7.8 Username and Password not accepted. For more information, go to\n5.7.8  https://support.google.com/mail/?p=BadCredentials d2e1a72fcca58-740590a5a99sm1500230b3a.180 - gsmtp')
2025-05-02 19:07:39,180 [INFO] Telegram reporting disabled (credentials not set)
2025-05-02 19:08:46,671 [ERROR] Error sending email report: (535, b'5.7.8 Username and Password not accepted. For more information, go to\n5.7.8  https://support.google.com/mail/?p=BadCredentials d9443c01a7336-22e173b584csm1352015ad.16 - gsmtp')
2025-05-02 19:08:46,672 [INFO] Telegram reporting disabled (credentials not set)
2025-05-02 19:09:54,081 [ERROR] Error sending email report: (535, b'5.7.8 Username and Password not accepted. For more information, go to\n5.7.8  https://support.google.com/mail/?p=BadCredentials d2e1a72fcca58-74059020dfdsm1500842b3a.119 - gsmtp')
2025-05-02 19:09:54,082 [INFO] Telegram reporting disabled (credentials not set)
2025-05-02 19:11:02,656 [ERROR] Error sending email report: (535, b'5.7.8 Username and Password not accepted. For more information, go to\n5.7.8  https://support.google.com/mail/?p=BadCredentials 98e67ed59e1d1-30a47625eb3sm2938238a91.38 - gsmtp')
2025-05-02 19:11:02,658 [INFO] Telegram reporting disabled (credentials not set)
2025-05-02 19:11:11,415 [INFO] Keylogger stopped by user
2025-05-02 19:11:11,434 [INFO] Keylogger stopped
2025-05-03 21:53:55,156 [INFO] Keyboard listener started
2025-05-03 21:54:23,067 [INFO] Keylogger stopped by user
2025-05-03 21:54:23,067 [INFO] Stopping keylogger...
2025-05-03 21:54:23,067 [INFO] Keyboard listener stopped
2025-05-03 21:54:23,080 [INFO] Keystrokes saved to: C:\Users\pooja\keylogger_reports\keylog_20250503.json
2025-05-03 21:54:23,153 [INFO] Final report generated: C:\Users\pooja\keylogger_reports\final_report_20250503_215423.json
2025-05-03 21:54:23,155 [INFO] HTML report generated: C:\Users\pooja\keylogger_reports\keylogger_report_20250503_215423.html
2025-05-03 21:54:23,156 [INFO] Keylogger stopped successfully
2025-05-03 21:58:06,238 [INFO] Keyboard listener started
2025-05-03 21:58:28,805 [INFO] Keylogger stopped by user
2025-05-03 21:58:28,805 [INFO] Stopping keylogger...
2025-05-03 21:58:28,805 [INFO] Keyboard listener stopped
2025-05-03 21:58:28,806 [INFO] Keystrokes saved to: c:\Users\pooja\OneDrive\Desktop\Key Logger\keylog_20250503_215828.txt
2025-05-03 21:58:28,856 [INFO] Final report generated: C:\Users\pooja\keylogger_reports\final_report_20250503_215828.json
2025-05-03 21:58:28,866 [INFO] HTML report generated: C:\Users\pooja\keylogger_reports\keylogger_report_20250503_215828.html
2025-05-03 21:58:28,868 [INFO] Keylogger stopped successfully
2025-05-03 22:50:51,400 [INFO] Keyboard listener started
2025-05-03 22:51:02,688 [INFO] Keylogger stopped by user
2025-05-03 22:51:02,688 [INFO] Stopping keylogger...
2025-05-03 22:51:02,688 [INFO] Keyboard listener stopped
2025-05-03 22:51:02,688 [INFO] Keystrokes saved to: c:\Users\pooja\OneDrive\Desktop\Key Logger\keylog_20250503_225102.txt
2025-05-03 22:51:02,735 [INFO] Final report generated: C:\Users\pooja\keylogger_reports\final_report_20250503_225102.json
2025-05-03 22:51:02,735 [INFO] HTML report generated: C:\Users\pooja\keylogger_reports\keylogger_report_20250503_225102.html
2025-05-03 22:51:02,735 [INFO] Keylogger stopped successfully
